<?xml version="1.0" encoding="UTF-8"?>
<!-- Generated by org.testng.reporters.JUnitXMLReporter -->
<testsuite hostname="nexle-HP-ZBook-15-G3" ignored="0" name="Surefire test" tests="5" failures="0" timestamp="2022-08-18T09:10:00 WIB" time="0.038" errors="0">
  <testcase name="@BeforeClass beforeMethod" time="-1.66078860059E9" classname="drivers.DriverBase">
    <failure type="org.testng.TestNGException" message="
Parameter &amp;apos;browser&amp;apos; is required by BeforeClass on method beforeMethod but has not been marked @Optional or defined
">
      <![CDATA[org.testng.TestNGException: 
Parameter 'browser' is required by BeforeClass on method beforeMethod but has not been marked @Optional or defined

at java.util.ArrayList.forEach(ArrayList.java:1259)
... Removed 27 stack frames]]>
    </failure>
  </testcase> <!-- @BeforeClass beforeMethod -->
  <testcase name="@BeforeMethod goToAccountPage" time="0.001" classname="test.TestRegister">
    <failure type="java.lang.NullPointerException">
      <![CDATA[java.lang.NullPointerException
at test.TestRegister.goToAccountPage(TestRegister.java:16)
at java.util.ArrayList.forEach(ArrayList.java:1259)
... Removed 36 stack frames]]>
    </failure>
  </testcase> <!-- @BeforeMethod goToAccountPage -->
  <testcase name="@AfterMethod afterMethod" time="-1.660788600605E9" classname="drivers.DriverBase">
    <failure type="org.testng.TestNGException" message="
Parameter &amp;apos;browser&amp;apos; is required by AfterMethod on method afterMethod but has not been marked @Optional or defined
">
      <![CDATA[org.testng.TestNGException: 
Parameter 'browser' is required by AfterMethod on method afterMethod but has not been marked @Optional or defined

at java.util.ArrayList.forEach(ArrayList.java:1259)
... Removed 34 stack frames]]>
    </failure>
  </testcase> <!-- @AfterMethod afterMethod -->
  <testcase name="@BeforeMethod goToAccountPage" time="0.001" classname="test.TestRegister">
    <failure type="java.lang.NullPointerException">
      <![CDATA[java.lang.NullPointerException
at test.TestRegister.goToAccountPage(TestRegister.java:16)
at java.util.ArrayList.forEach(ArrayList.java:1259)
... Removed 36 stack frames]]>
    </failure>
  </testcase> <!-- @BeforeMethod goToAccountPage -->
  <testcase name="@AfterMethod afterMethod" time="-1.660788600608E9" classname="drivers.DriverBase">
    <failure type="org.testng.TestNGException" message="
Parameter &amp;apos;browser&amp;apos; is required by AfterMethod on method afterMethod but has not been marked @Optional or defined
">
      <![CDATA[org.testng.TestNGException: 
Parameter 'browser' is required by AfterMethod on method afterMethod but has not been marked @Optional or defined

at java.util.ArrayList.forEach(ArrayList.java:1259)
... Removed 34 stack frames]]>
    </failure>
  </testcase> <!-- @AfterMethod afterMethod -->
  <testcase name="@BeforeMethod goToAccountPage" time="0.001" classname="test.TestRegister">
    <failure type="java.lang.NullPointerException">
      <![CDATA[java.lang.NullPointerException
at test.TestRegister.goToAccountPage(TestRegister.java:16)
at java.util.ArrayList.forEach(ArrayList.java:1259)
... Removed 36 stack frames]]>
    </failure>
  </testcase> <!-- @BeforeMethod goToAccountPage -->
  <testcase name="@AfterMethod afterMethod" time="-1.66078860061E9" classname="drivers.DriverBase">
    <failure type="org.testng.TestNGException" message="
Parameter &amp;apos;browser&amp;apos; is required by AfterMethod on method afterMethod but has not been marked @Optional or defined
">
      <![CDATA[org.testng.TestNGException: 
Parameter 'browser' is required by AfterMethod on method afterMethod but has not been marked @Optional or defined

at java.util.ArrayList.forEach(ArrayList.java:1259)
... Removed 34 stack frames]]>
    </failure>
  </testcase> <!-- @AfterMethod afterMethod -->
  <testcase name="@BeforeMethod goToAccountPage" time="0.0" classname="test.TestRegister">
    <failure type="java.lang.NullPointerException">
      <![CDATA[java.lang.NullPointerException
at test.TestRegister.goToAccountPage(TestRegister.java:16)
at java.util.ArrayList.forEach(ArrayList.java:1259)
... Removed 36 stack frames]]>
    </failure>
  </testcase> <!-- @BeforeMethod goToAccountPage -->
  <testcase name="@AfterMethod afterMethod" time="-1.660788600613E9" classname="drivers.DriverBase">
    <failure type="org.testng.TestNGException" message="
Parameter &amp;apos;browser&amp;apos; is required by AfterMethod on method afterMethod but has not been marked @Optional or defined
">
      <![CDATA[org.testng.TestNGException: 
Parameter 'browser' is required by AfterMethod on method afterMethod but has not been marked @Optional or defined

at java.util.ArrayList.forEach(ArrayList.java:1259)
... Removed 34 stack frames]]>
    </failure>
  </testcase> <!-- @AfterMethod afterMethod -->
  <testcase name="@BeforeMethod goToAccountPage" time="0.0" classname="test.TestRegister">
    <failure type="java.lang.NullPointerException">
      <![CDATA[java.lang.NullPointerException
at test.TestRegister.goToAccountPage(TestRegister.java:16)
at java.util.ArrayList.forEach(ArrayList.java:1259)
... Removed 36 stack frames]]>
    </failure>
  </testcase> <!-- @BeforeMethod goToAccountPage -->
  <testcase name="@AfterMethod afterMethod" time="-1.660788600614E9" classname="drivers.DriverBase">
    <failure type="org.testng.TestNGException" message="
Parameter &amp;apos;browser&amp;apos; is required by AfterMethod on method afterMethod but has not been marked @Optional or defined
">
      <![CDATA[org.testng.TestNGException: 
Parameter 'browser' is required by AfterMethod on method afterMethod but has not been marked @Optional or defined

at java.util.ArrayList.forEach(ArrayList.java:1259)
... Removed 34 stack frames]]>
    </failure>
  </testcase> <!-- @AfterMethod afterMethod -->
  <testcase name="registerWithEmptyEmailAndPass" time="0.0" classname="test.TestRegister">
    <skipped/>
  </testcase> <!-- registerWithEmptyEmailAndPass -->
  <testcase name="registerWithEmptyEmail" time="0.0" classname="test.TestRegister">
    <skipped/>
  </testcase> <!-- registerWithEmptyEmail -->
  <testcase name="registerWithEmptyPass" time="0.0" classname="test.TestRegister">
    <skipped/>
  </testcase> <!-- registerWithEmptyPass -->
  <testcase name="registerWithInvalidEmail" time="0.0" classname="test.TestRegister">
    <skipped/>
  </testcase> <!-- registerWithInvalidEmail -->
  <testcase name="registerWithValidAccount" time="0.0" classname="test.TestRegister">
    <skipped/>
  </testcase> <!-- registerWithValidAccount -->
</testsuite> <!-- Surefire test -->
